<?xml version="1.0" encoding="UTF-8"?>
<testsuite xmlns:xsi="http://www.w3.org/2001/XMLSchema-instance" xsi:noNamespaceSchemaLocation="https://maven.apache.org/surefire/maven-surefire-plugin/xsd/surefire-test-report.xsd" name="Runner.TestRunner" time="158.986" tests="39" errors="0" skipped="0" failures="4">
  <properties>
[...]
</properties>
  <testcase name="Given user is on home page" classname="Scenario: Logging into toolsqa and testing tab functionality" time="0.021"/>
  <testcase name="When click on tutorials button" classname="Scenario: Logging into toolsqa and testing tab functionality" time="0"/>
  <testcase name="And select the programming language tab" classname="Scenario: Logging into toolsqa and testing tab functionality" time="0"/>
  <testcase name="And select the language and clcik on it which should navigate to language page" classname="Scenario: Logging into toolsqa and testing tab functionality" time="0"/>
  <testcase name="And verify all links  and click on any link" classname="Scenario: Logging into toolsqa and testing tab functionality" time="0"/>
  <testcase name="And User should naviagte to particlar link" classname="Scenario: Logging into toolsqa and testing tab functionality" time="0"/>
  <testcase name="Scenario: Logging into toolsqa and testing tab functionality" classname="Scenario: Logging into toolsqa and testing tab functionality" time="1.805"/>
  <testcase name="Given Write code for  tagOne" classname="Scenario: Testing hooks and tags" time="0"/>
  <testcase name="Scenario: Testing hooks and tags" classname="Scenario: Testing hooks and tags" time="6.193"/>
  <testcase name="Given Write code for  tagTwo" classname="Scenario: Write code for  tagTwo" time="0.026">
    <failure type="java.lang.AssertionError">java.lang.AssertionError
</failure>
    <system-out><![CDATA[BEFORE hook
tagTwo
]]></system-out>
    <system-err><![CDATA[Starting ChromeDriver 95.0.4638.54 (d31a821ec901f68d0d34ccdbaea45b4c86ce543e-refs/branch-heads/4638@{#871}) on port 3377
Only local connections are allowed.
Please see https://chromedriver.chromium.org/security-considerations for suggestions on keeping ChromeDriver safe.
ChromeDriver was started successfully.
Nov 08, 2021 7:07:31 PM org.openqa.selenium.remote.ProtocolHandshake createSession
INFO: Detected dialect: W3C
]]></system-err>
  </testcase>
  <testcase name="Scenario: Write code for  tagTwo" classname="Scenario: Write code for  tagTwo" time="0.027">
    <failure type="java.lang.AssertionError">java.lang.AssertionError
</failure>
  </testcase>
  <testcase name="Given Write code for  tagThree" classname="Scenario: Write code for  tagThree" time="0">
    <failure type="java.lang.AssertionError">java.lang.AssertionError
</failure>
    <system-out><![CDATA[AFTER hook11111
BEFORE hook
tagThree
]]></system-out>
    <system-err><![CDATA[Starting ChromeDriver 95.0.4638.54 (d31a821ec901f68d0d34ccdbaea45b4c86ce543e-refs/branch-heads/4638@{#871}) on port 30338
Only local connections are allowed.
Please see https://chromedriver.chromium.org/security-considerations for suggestions on keeping ChromeDriver safe.
ChromeDriver was started successfully.
Nov 08, 2021 7:07:38 PM org.openqa.selenium.remote.ProtocolHandshake createSession
INFO: Detected dialect: W3C
]]></system-err>
  </testcase>
  <testcase name="Scenario: Write code for  tagThree" classname="Scenario: Write code for  tagThree" time="0">
    <failure type="java.lang.AssertionError">java.lang.AssertionError
</failure>
  </testcase>
  <testcase name="Given Write code for  tagFour" classname="Scenario: Write code for  tagFour" time="0.001"/>
  <testcase name="Scenario: Write code for  tagFour" classname="Scenario: Write code for  tagFour" time="5.465"/>
  <testcase name="Given Write code for  tagFive" classname="Scenario: Write code for  tagFive" time="0"/>
  <testcase name="Scenario: Write code for  tagFive" classname="Scenario: Write code for  tagFive" time="1.044"/>
  <testcase name="Given Write code for  tagSix" classname="Scenario: Write code for  tagSix" time="0"/>
  <testcase name="Scenario: Write code for  tagSix" classname="Scenario: Write code for  tagSix" time="3.246"/>
  <testcase name="Given user is on home page" classname="| shilpa | Redddy | Shilpa.reddy@gmail.com | 9742349188 | India | Banaglaore |" time="0"/>
  <testcase name="When click on Enroll yourself button" classname="| shilpa | Redddy | Shilpa.reddy@gmail.com | 9742349188 | India | Banaglaore |" time="0"/>
  <testcase name="And Please enter firstname &quot;shilpa&quot;" classname="| shilpa | Redddy | Shilpa.reddy@gmail.com | 9742349188 | India | Banaglaore |" time="0"/>
  <testcase name="And Please enter  lastname &quot;Redddy&quot;" classname="| shilpa | Redddy | Shilpa.reddy@gmail.com | 9742349188 | India | Banaglaore |" time="0"/>
  <testcase name="And Please enter  emial &quot;Shilpa.reddy@gmail.com&quot;" classname="| shilpa | Redddy | Shilpa.reddy@gmail.com | 9742349188 | India | Banaglaore |" time="0"/>
  <testcase name="And Please enter mobile &quot;9742349188&quot;" classname="| shilpa | Redddy | Shilpa.reddy@gmail.com | 9742349188 | India | Banaglaore |" time="0"/>
  <testcase name="And Please enter country &quot;India&quot;" classname="| shilpa | Redddy | Shilpa.reddy@gmail.com | 9742349188 | India | Banaglaore |" time="0"/>
  <testcase name="And Please enter city &quot;Banaglaore&quot;" classname="| shilpa | Redddy | Shilpa.reddy@gmail.com | 9742349188 | India | Banaglaore |" time="0"/>
  <testcase name="And Clcik on send button" classname="| shilpa | Redddy | Shilpa.reddy@gmail.com | 9742349188 | India | Banaglaore |" time="0"/>
  <testcase name="| shilpa | Redddy | Shilpa.reddy@gmail.com | 9742349188 | India | Banaglaore |" classname="| shilpa | Redddy | Shilpa.reddy@gmail.com | 9742349188 | India | Banaglaore |" time="1.191"/>
  <testcase name="Given user is on home page" classname="| dwaraka | Redddy | dwaraka.reddy@gmail.com | 9742349195 | Aruba | Kurnool |" time="0"/>
  <testcase name="When click on Enroll yourself button" classname="| dwaraka | Redddy | dwaraka.reddy@gmail.com | 9742349195 | Aruba | Kurnool |" time="0"/>
  <testcase name="And Please enter firstname &quot;dwaraka&quot;" classname="| dwaraka | Redddy | dwaraka.reddy@gmail.com | 9742349195 | Aruba | Kurnool |" time="0"/>
  <testcase name="And Please enter  lastname &quot;Redddy&quot;" classname="| dwaraka | Redddy | dwaraka.reddy@gmail.com | 9742349195 | Aruba | Kurnool |" time="0"/>
  <testcase name="And Please enter  emial &quot;dwaraka.reddy@gmail.com&quot;" classname="| dwaraka | Redddy | dwaraka.reddy@gmail.com | 9742349195 | Aruba | Kurnool |" time="0"/>
  <testcase name="And Please enter mobile &quot;9742349195&quot;" classname="| dwaraka | Redddy | dwaraka.reddy@gmail.com | 9742349195 | Aruba | Kurnool |" time="0"/>
  <testcase name="And Please enter country &quot;Aruba&quot;" classname="| dwaraka | Redddy | dwaraka.reddy@gmail.com | 9742349195 | Aruba | Kurnool |" time="0"/>
  <testcase name="And Please enter city &quot;Kurnool&quot;" classname="| dwaraka | Redddy | dwaraka.reddy@gmail.com | 9742349195 | Aruba | Kurnool |" time="0"/>
  <testcase name="And Clcik on send button" classname="| dwaraka | Redddy | dwaraka.reddy@gmail.com | 9742349195 | Aruba | Kurnool |" time="0"/>
  <testcase name="| dwaraka | Redddy | dwaraka.reddy@gmail.com | 9742349195 | Aruba | Kurnool |" classname="| dwaraka | Redddy | dwaraka.reddy@gmail.com | 9742349195 | Aruba | Kurnool |" time="5.773"/>
</testsuite>